# JRE version: OpenJDK Runtime Environment (17.0.10) (build 17.0.10+0--11572160)
# Java VM: OpenJDK 64-Bit Server VM (17.0.10+0--11572160, mixed mode, tiered, compressed oops, compressed class ptrs, g1 gc, windows-amd64)
GC Precious Log:
 CPUs: 4 total, 4 available
 Memory: 8070M
 Large Page Support: Disabled
 NUMA Support: Disabled
 Compressed Oops: Enabled (32-bit)
 Heap Region Size: 1M
 Heap Min Capacity: 8M
 Heap Initial Capacity: 128M
 Heap Max Capacity: 2G
 Pre-touch: Disabled
 Parallel Workers: 4
 Concurrent Workers: 1
 Concurrent Refinement Workers: 4
 Periodic GC: Disabled
Heap:
 garbage-first heap   total 86016K, used 54340K [0x0000000080000000, 0x0000000100000000)
  region size 1024K, 29 young (29696K), 7 survivors (7168K)
 Metaspace       used 44411K, committed 44736K, reserved 1114112K
  class space    used 5888K, committed 6016K, reserved 1048576K
GC Heap History (20 events):
Event: 0.929 GC heap before
{Heap before GC invocations=0 (full 0):
 garbage-first heap   total 131072K, used 12288K [0x0000000080000000, 0x0000000100000000)
  region size 1024K, 13 young (13312K), 0 survivors (0K)
 Metaspace       used 7663K, committed 7744K, reserved 1114112K
  class space    used 673K, committed 704K, reserved 1048576K
}
Event: 0.934 GC heap after
{Heap after GC invocations=1 (full 0):
 garbage-first heap   total 131072K, used 3293K [0x0000000080000000, 0x0000000100000000)
  region size 1024K, 2 young (2048K), 2 survivors (2048K)
 Metaspace       used 7663K, committed 7744K, reserved 1114112K
  class space    used 673K, committed 704K, reserved 1048576K
}
Event: 1.689 GC heap before
{Heap before GC invocations=1 (full 0):
 garbage-first heap   total 131072K, used 22749K [0x0000000080000000, 0x0000000100000000)
  region size 1024K, 18 young (18432K), 2 survivors (2048K)
 Metaspace       used 11353K, committed 11584K, reserved 1114112K
  class space    used 1194K, committed 1280K, reserved 1048576K
}
Event: 1.694 GC heap after
{Heap after GC invocations=2 (full 0):
 garbage-first heap   total 131072K, used 10848K [0x0000000080000000, 0x0000000100000000)
  region size 1024K, 3 young (3072K), 3 survivors (3072K)
 Metaspace       used 11353K, committed 11584K, reserved 1114112K
  class space    used 1194K, committed 1280K, reserved 1048576K
}
Event: 2.365 GC heap before
{Heap before GC invocations=2 (full 0):
 garbage-first heap   total 131072K, used 33376K [0x0000000080000000, 0x0000000100000000)
  region size 1024K, 25 young (25600K), 3 survivors (3072K)
 Metaspace       used 11438K, committed 11648K, reserved 1114112K
  class space    used 1195K, committed 1280K, reserved 1048576K
}
Event: 2.370 GC heap after
{Heap after GC invocations=3 (full 0):
 garbage-first heap   total 131072K, used 11393K [0x0000000080000000, 0x0000000100000000)
  region size 1024K, 1 young (1024K), 1 survivors (1024K)
 Metaspace       used 11438K, committed 11648K, reserved 1114112K
  class space    used 1195K, committed 1280K, reserved 1048576K
}
Event: 4.837 GC heap before
{Heap before GC invocations=3 (full 0):
 garbage-first heap   total 131072K, used 59521K [0x0000000080000000, 0x0000000100000000)
  region size 1024K, 49 young (50176K), 1 survivors (1024K)
 Metaspace       used 21274K, committed 21504K, reserved 1114112K
  class space    used 2501K, committed 2624K, reserved 1048576K
}
Event: 4.852 GC heap after
{Heap after GC invocations=4 (full 0):
 garbage-first heap   total 131072K, used 18805K [0x0000000080000000, 0x0000000100000000)
  region size 1024K, 8 young (8192K), 8 survivors (8192K)
 Metaspace       used 21274K, committed 21504K, reserved 1114112K
  class space    used 2501K, committed 2624K, reserved 1048576K
}
Event: 5.868 GC heap before
{Heap before GC invocations=5 (full 0):
 garbage-first heap   total 68608K, used 51573K [0x0000000080000000, 0x0000000100000000)
  region size 1024K, 40 young (40960K), 8 survivors (8192K)
 Metaspace       used 26312K, committed 26560K, reserved 1114112K
  class space    used 3377K, committed 3456K, reserved 1048576K
}
Event: 5.884 GC heap after
{Heap after GC invocations=6 (full 0):
 garbage-first heap   total 68608K, used 20694K [0x0000000080000000, 0x0000000100000000)
  region size 1024K, 2 young (2048K), 2 survivors (2048K)
 Metaspace       used 26312K, committed 26560K, reserved 1114112K
  class space    used 3377K, committed 3456K, reserved 1048576K
}
Event: 5.922 GC heap before
{Heap before GC invocations=6 (full 0):
 garbage-first heap   total 68608K, used 21718K [0x0000000080000000, 0x0000000100000000)
  region size 1024K, 3 young (3072K), 2 survivors (2048K)
 Metaspace       used 26520K, committed 26752K, reserved 1114112K
  class space    used 3408K, committed 3520K, reserved 1048576K
}
Event: 5.930 GC heap after
{Heap after GC invocations=7 (full 0):
 garbage-first heap   total 68608K, used 20652K [0x0000000080000000, 0x0000000100000000)
  region size 1024K, 1 young (1024K), 1 survivors (1024K)
 Metaspace       used 26520K, committed 26752K, reserved 1114112K
  class space    used 3408K, committed 3520K, reserved 1048576K
}
Event: 6.739 GC heap before
{Heap before GC invocations=7 (full 0):
 garbage-first heap   total 68608K, used 48300K [0x0000000080000000, 0x0000000100000000)
  region size 1024K, 28 young (28672K), 1 survivors (1024K)
 Metaspace       used 30217K, committed 30464K, reserved 1114112K
  class space    used 4052K, committed 4160K, reserved 1048576K
}
Event: 6.749 GC heap after
{Heap after GC invocations=8 (full 0):
 garbage-first heap   total 68608K, used 22145K [0x0000000080000000, 0x0000000100000000)
  region size 1024K, 2 young (2048K), 2 survivors (2048K)
 Metaspace       used 30217K, committed 30464K, reserved 1114112K
  class space    used 4052K, committed 4160K, reserved 1048576K
}
Event: 7.469 GC heap before
{Heap before GC invocations=8 (full 0):
 garbage-first heap   total 68608K, used 49793K [0x0000000080000000, 0x0000000100000000)
  region size 1024K, 30 young (30720K), 2 survivors (2048K)
 Metaspace       used 33689K, committed 34048K, reserved 1114112K
  class space    used 4613K, committed 4800K, reserved 1048576K
}
Event: 7.477 GC heap after
{Heap after GC invocations=9 (full 0):
 garbage-first heap   total 68608K, used 23329K [0x0000000080000000, 0x0000000100000000)
  region size 1024K, 3 young (3072K), 3 survivors (3072K)
 Metaspace       used 33689K, committed 34048K, reserved 1114112K
  class space    used 4613K, committed 4800K, reserved 1048576K
}
Event: 7.976 GC heap before
{Heap before GC invocations=9 (full 0):
 garbage-first heap   total 68608K, used 33569K [0x0000000080000000, 0x0000000100000000)
  region size 1024K, 15 young (15360K), 3 survivors (3072K)
 Metaspace       used 35797K, committed 36096K, reserved 1114112K
  class space    used 4903K, committed 5056K, reserved 1048576K
}
Event: 7.989 GC heap after
{Heap after GC invocations=10 (full 0):
 garbage-first heap   total 110592K, used 24131K [0x0000000080000000, 0x0000000100000000)
  region size 1024K, 2 young (2048K), 2 survivors (2048K)
 Metaspace       used 35797K, committed 36096K, reserved 1114112K
  class space    used 4903K, committed 5056K, reserved 1048576K
}
Event: 9.278 GC heap before
{Heap before GC invocations=11 (full 0):
 garbage-first heap   total 86016K, used 72259K [0x0000000080000000, 0x0000000100000000)
  region size 1024K, 50 young (51200K), 2 survivors (2048K)
 Metaspace       used 42636K, committed 42944K, reserved 1114112K
  class space    used 5699K, committed 5824K, reserved 1048576K
}
Event: 9.288 GC heap after
{Heap after GC invocations=12 (full 0):
 garbage-first heap   total 86016K, used 28740K [0x0000000080000000, 0x0000000100000000)
  region size 1024K, 7 young (7168K), 7 survivors (7168K)
 Metaspace       used 42636K, committed 42944K, reserved 1114112K
  class space    used 5699K, committed 5824K, reserved 1048576K
}

