# JRE version: OpenJDK Runtime Environment (17.0.10) (build 17.0.10+0--11572160)
# Java VM: OpenJDK 64-Bit Server VM (17.0.10+0--11572160, mixed mode, tiered, compressed oops, compressed class ptrs, g1 gc, windows-amd64)
GC Precious Log:
 CPUs: 4 total, 4 available
 Memory: 8070M
 Large Page Support: Disabled
 NUMA Support: Disabled
 Compressed Oops: Enabled (32-bit)
 Heap Region Size: 1M
 Heap Min Capacity: 8M
 Heap Initial Capacity: 128M
 Heap Max Capacity: 2G
 Pre-touch: Disabled
 Parallel Workers: 4
 Concurrent Workers: 1
 Concurrent Refinement Workers: 4
 Periodic GC: Disabled
Heap:
 garbage-first heap   total 219136K, used 120320K [0x0000000080000000, 0x0000000100000000)
  region size 1024K, 2 young (2048K), 2 survivors (2048K)
 Metaspace       used 97893K, committed 98624K, reserved 1179648K
  class space    used 13234K, committed 13568K, reserved 1048576K
GC Heap History (20 events):
Event: 19.758 GC heap after
{Heap after GC invocations=34 (full 0):
 garbage-first heap   total 135168K, used 69798K [0x0000000080000000, 0x0000000100000000)
  region size 1024K, 5 young (5120K), 5 survivors (5120K)
 Metaspace       used 75788K, committed 76352K, reserved 1179648K
  class space    used 10134K, committed 10368K, reserved 1048576K
}
Event: 19.774 GC heap before
{Heap before GC invocations=34 (full 0):
 garbage-first heap   total 135168K, used 70822K [0x0000000080000000, 0x0000000100000000)
  region size 1024K, 6 young (6144K), 5 survivors (5120K)
 Metaspace       used 75836K, committed 76416K, reserved 1179648K
  class space    used 10138K, committed 10368K, reserved 1048576K
}
Event: 19.785 GC heap after
{Heap after GC invocations=35 (full 0):
 garbage-first heap   total 219136K, used 69760K [0x0000000080000000, 0x0000000100000000)
  region size 1024K, 1 young (1024K), 1 survivors (1024K)
 Metaspace       used 75836K, committed 76416K, reserved 1179648K
  class space    used 10138K, committed 10368K, reserved 1048576K
}
Event: 20.009 GC heap before
{Heap before GC invocations=35 (full 0):
 garbage-first heap   total 219136K, used 78976K [0x0000000080000000, 0x0000000100000000)
  region size 1024K, 11 young (11264K), 1 survivors (1024K)
 Metaspace       used 76460K, committed 77056K, reserved 1179648K
  class space    used 10224K, committed 10496K, reserved 1048576K
}
Event: 20.012 GC heap after
{Heap after GC invocations=36 (full 0):
 garbage-first heap   total 219136K, used 69995K [0x0000000080000000, 0x0000000100000000)
  region size 1024K, 1 young (1024K), 1 survivors (1024K)
 Metaspace       used 76460K, committed 77056K, reserved 1179648K
  class space    used 10224K, committed 10496K, reserved 1048576K
}
Event: 23.058 GC heap before
{Heap before GC invocations=37 (full 0):
 garbage-first heap   total 219136K, used 183659K [0x0000000080000000, 0x0000000100000000)
  region size 1024K, 111 young (113664K), 1 survivors (1024K)
 Metaspace       used 84688K, committed 85376K, reserved 1179648K
  class space    used 11587K, committed 11904K, reserved 1048576K
}
Event: 23.076 GC heap after
{Heap after GC invocations=38 (full 0):
 garbage-first heap   total 219136K, used 74490K [0x0000000080000000, 0x0000000100000000)
  region size 1024K, 6 young (6144K), 6 survivors (6144K)
 Metaspace       used 84688K, committed 85376K, reserved 1179648K
  class space    used 11587K, committed 11904K, reserved 1048576K
}
Event: 23.158 GC heap before
{Heap before GC invocations=38 (full 0):
 garbage-first heap   total 219136K, used 77562K [0x0000000080000000, 0x0000000100000000)
  region size 1024K, 10 young (10240K), 6 survivors (6144K)
 Metaspace       used 85041K, committed 85632K, reserved 1179648K
  class space    used 11637K, committed 11904K, reserved 1048576K
}
Event: 23.168 GC heap after
{Heap after GC invocations=39 (full 0):
 garbage-first heap   total 219136K, used 74753K [0x0000000080000000, 0x0000000100000000)
  region size 1024K, 1 young (1024K), 1 survivors (1024K)
 Metaspace       used 85041K, committed 85632K, reserved 1179648K
  class space    used 11637K, committed 11904K, reserved 1048576K
}
Event: 24.647 GC heap before
{Heap before GC invocations=39 (full 0):
 garbage-first heap   total 219136K, used 157697K [0x0000000080000000, 0x0000000100000000)
  region size 1024K, 84 young (86016K), 1 survivors (1024K)
 Metaspace       used 91520K, committed 92160K, reserved 1179648K
  class space    used 12505K, committed 12800K, reserved 1048576K
}
Event: 24.659 GC heap after
{Heap after GC invocations=40 (full 0):
 garbage-first heap   total 219136K, used 81691K [0x0000000080000000, 0x0000000100000000)
  region size 1024K, 8 young (8192K), 8 survivors (8192K)
 Metaspace       used 91520K, committed 92160K, reserved 1179648K
  class space    used 12505K, committed 12800K, reserved 1048576K
}
Event: 26.644 GC heap before
{Heap before GC invocations=41 (full 0):
 garbage-first heap   total 219136K, used 181019K [0x0000000080000000, 0x0000000100000000)
  region size 1024K, 101 young (103424K), 8 survivors (8192K)
 Metaspace       used 95200K, committed 95936K, reserved 1179648K
  class space    used 13002K, committed 13312K, reserved 1048576K
}
Event: 26.670 GC heap after
{Heap after GC invocations=42 (full 0):
 garbage-first heap   total 219136K, used 87305K [0x0000000080000000, 0x0000000100000000)
  region size 1024K, 7 young (7168K), 7 survivors (7168K)
 Metaspace       used 95200K, committed 95936K, reserved 1179648K
  class space    used 13002K, committed 13312K, reserved 1048576K
}
Event: 26.771 GC heap before
{Heap before GC invocations=42 (full 0):
 garbage-first heap   total 219136K, used 90377K [0x0000000080000000, 0x0000000100000000)
  region size 1024K, 10 young (10240K), 7 survivors (7168K)
 Metaspace       used 95217K, committed 95936K, reserved 1179648K
  class space    used 13002K, committed 13312K, reserved 1048576K
}
Event: 26.781 GC heap after
{Heap after GC invocations=43 (full 0):
 garbage-first heap   total 219136K, used 88038K [0x0000000080000000, 0x0000000100000000)
  region size 1024K, 1 young (1024K), 1 survivors (1024K)
 Metaspace       used 95217K, committed 95936K, reserved 1179648K
  class space    used 13002K, committed 13312K, reserved 1048576K
}
Event: 28.080 GC heap before
{Heap before GC invocations=43 (full 0):
 garbage-first heap   total 219136K, used 136166K [0x0000000080000000, 0x0000000100000000)
  region size 1024K, 50 young (51200K), 1 survivors (1024K)
 Metaspace       used 97203K, committed 97984K, reserved 1179648K
  class space    used 13184K, committed 13568K, reserved 1048576K
}
Event: 28.093 GC heap after
{Heap after GC invocations=44 (full 0):
 garbage-first heap   total 219136K, used 97018K [0x0000000080000000, 0x0000000100000000)
  region size 1024K, 10 young (10240K), 10 survivors (10240K)
 Metaspace       used 97203K, committed 97984K, reserved 1179648K
  class space    used 13184K, committed 13568K, reserved 1048576K
}
Event: 29.721 GC heap before
{Heap before GC invocations=45 (full 0):
 garbage-first heap   total 219136K, used 189178K [0x0000000080000000, 0x0000000100000000)
  region size 1024K, 83 young (84992K), 10 survivors (10240K)
 Metaspace       used 97893K, committed 98624K, reserved 1179648K
  class space    used 13234K, committed 13568K, reserved 1048576K
}
Event: 29.760 GC heap after
{Heap after GC invocations=46 (full 0):
 garbage-first heap   total 219136K, used 118422K [0x0000000080000000, 0x0000000100000000)
  region size 1024K, 11 young (11264K), 11 survivors (11264K)
 Metaspace       used 97893K, committed 98624K, reserved 1179648K
  class space    used 13234K, committed 13568K, reserved 1048576K
}
Event: 29.772 GC heap before
{Heap before GC invocations=46 (full 0):
 garbage-first heap   total 219136K, used 119446K [0x0000000080000000, 0x0000000100000000)
  region size 1024K, 12 young (12288K), 11 survivors (11264K)
 Metaspace       used 97893K, committed 98624K, reserved 1179648K
  class space    used 13234K, committed 13568K, reserved 1048576K
}

